Arguments: 
  C:\Program Files\nodejs\node.exe C:\Users\Tj\AppData\Roaming\npm\node_modules\yarn\bin\yarn.js add hammerjs --silent --no-progress

PATH: 
  C:\Program Files\nodejs\node_modules\npm\node_modules\npm-lifecycle\node-gyp-bin;D:\Myzone\taro2\taro2\myApp5\node_modules\.bin;C:\Program Files\nodejs\node_modules\npm\node_modules\npm-lifecycle\node-gyp-bin;D:\Myzone\taro2\taro2\myApp5\node_modules\.bin;C:\Users\Tj\bin;D:\Git\mingw64\bin;D:\Git\usr\local\bin;D:\Git\usr\bin;D:\Git\usr\bin;D:\Git\mingw64\bin;D:\Git\usr\bin;C:\Users\Tj\bin;C:\WINDOWS\system32;C:\WINDOWS;C:\WINDOWS\System32\Wbem;C:\WINDOWS\System32\WindowsPowerShell\v1.0;D:\Microsoft VS Code\bin;C:\Program Files\nodejs;D:\Git\cmd;D:\Git\mingw64\bin;D:\Git\usr\bin;C:\WINDOWS\System32\OpenSSH;C:\Users\Tj\AppData\Local\Microsoft\WindowsApps;C:\Users\Tj\AppData\Roaming\npm;D:\Egret Wing 3\bin;C:\Users\Tj\AppData\Local\Programs\Microsoft VS Code\bin;D:\Git\usr\bin\vendor_perl;D:\Git\usr\bin\core_perl

Yarn version: 
  1.19.0

Node version: 
  10.8.0

Platform: 
  win32 x64

Trace: 
  Error: EPERM: operation not permitted, unlink 'C:\Users\Tj\AppData\Local\Yarn\Cache\v5\npm-avatar-upload-2.0.0-6bb2ccede267e5ec9ba04a06d1dcc411aa05748b\node_modules\avatar-upload\.yarn-tarball.tgz'

npm manifest: 
  {
    "name": "myApp5",
    "version": "1.0.0",
    "private": true,
    "description": "5",
    "templateInfo": {
      "name": "default",
      "typescript": false,
      "css": "sass"
    },
    "scripts": {
      "build:weapp": "taro build --type weapp",
      "build:swan": "taro build --type swan",
      "build:alipay": "taro build --type alipay",
      "build:tt": "taro build --type tt",
      "build:h5": "taro build --type h5",
      "build:rn": "taro build --type rn",
      "build:qq": "taro build --type qq",
      "build:quickapp": "taro build --type quickapp",
      "dev:weapp": "npm run build:weapp -- --watch",
      "dev:swan": "npm run build:swan -- --watch",
      "dev:alipay": "npm run build:alipay -- --watch",
      "dev:tt": "npm run build:tt -- --watch",
      "dev:h5": "npm run build:h5 -- --watch",
      "dev:rn": "npm run build:rn -- --watch",
      "dev:qq": "npm run build:qq -- --watch",
      "dev:quickapp": "npm run build:quickapp -- --watch"
    },
    "author": "",
    "license": "MIT",
    "dependencies": {
      "@tarojs/async-await": "^1.3.19",
      "@tarojs/components": "1.3.19",
      "@tarojs/redux": "^1.3.19",
      "@tarojs/router": "1.3.19",
      "@tarojs/taro": "1.3.19",
      "@tarojs/taro-alipay": "1.3.19",
      "@tarojs/taro-h5": "1.3.19",
      "@tarojs/taro-qq": "1.3.19",
      "@tarojs/taro-quickapp": "1.3.19",
      "@tarojs/taro-swan": "1.3.19",
      "@tarojs/taro-tt": "1.3.19",
      "@tarojs/taro-weapp": "1.3.19",
      "avatar-upload": "^2.0.0",
      "dva-core": "^2.0.0",
      "dva-loading": "^3.0.14",
      "hammerjs": "^2.0.8",
      "jquery": "^3.4.1",
      "nerv-devtools": "^1.4.0",
      "nervjs": "^1.4.0",
      "react-qiniu-avatar-upload": "^1.0.5",
      "redux": "^4.0.4",
      "redux-logger": "^3.0.6",
      "redux-thunk": "^2.3.0",
      "taro-ui": "^2.2.2"
    },
    "devDependencies": {
      "@types/react": "^16.4.6",
      "@types/webpack-env": "^1.13.6",
      "@tarojs/plugin-babel": "1.3.19",
      "@tarojs/plugin-csso": "1.3.19",
      "@tarojs/plugin-sass": "1.3.19",
      "@tarojs/plugin-uglifyjs": "1.3.19",
      "@tarojs/webpack-runner": "1.3.19",
      "babel-plugin-transform-class-properties": "^6.24.1",
      "babel-plugin-transform-decorators-legacy": "^1.3.4",
      "babel-plugin-transform-jsx-stylesheet": "^0.6.5",
      "babel-plugin-transform-object-rest-spread": "^6.26.0",
      "babel-preset-env": "^1.6.1",
      "babel-eslint": "^8.2.3",
      "eslint": "^5.16.0",
      "eslint-config-taro": "1.3.19",
      "eslint-plugin-react": "^7.8.2",
      "eslint-plugin-react-hooks": "^1.6.1",
      "eslint-plugin-import": "^2.12.0",
      "stylelint": "9.3.0",
      "stylelint-config-taro-rn": "1.3.19",
      "stylelint-taro-rn": "1.3.19",
      "eslint-plugin-taro": "1.3.19"
    }
  }

yarn manifest: 
  No manifest

Lockfile: 
  No lockfile
